* using log directory 'C:/Users/andro/OneDrive/Desktop/School/research/caviarpd/caviarpd.Rcheck'
* using R version 4.1.2 (2021-11-01)
* using platform: x86_64-w64-mingw32 (64-bit)
* using session charset: ISO8859-1
* using options '--no-manual --as-cran'
* checking for file 'caviarpd/DESCRIPTION' ... OK
* checking extension type ... Package
* this is package 'caviarpd' version '0.2.27'
* package encoding: UTF-8
* checking package namespace information ... OK
* checking package dependencies ... OK
* checking if this is a source package ... OK
* checking if there is a namespace ... OK
* checking for executable files ... OK
* checking for hidden files and directories ... OK
* checking for portable file names ... OK
* checking whether package 'caviarpd' can be installed ... ERROR
Installation failed.
See 'C:/Users/andro/OneDrive/Desktop/School/research/caviarpd/caviarpd.Rcheck/00install.out' for details.
* DONE
Status: 1 ERROR
