* installing *source* package 'caviarpd' ...
** using staged installation
** libs

*** arch - i386
rm -Rf caviarpd.dll rustlib/target/release/librustlib.a
"C:/rtools40/mingw32/bin/"gcc  -I"C:/PROGRA~1/R/R-41~1.2/include" -DNDEBUG          -O2 -Wall  -std=gnu99 -mfpmath=sse -msse2 -mstackrealign  -c shim.c -o shim.o
"C:/PROGRA~1/R/R-41~1.2/bin/i386/Rscript" ../tools/staticlib.R rustlib/target/___/release rustlib/target/release/librustlib.a
Target is: i686-pc-windows-gnu
Cargo executable: C:\Users\andro\.cargo\bin\cargo.exe
Cargo version '1.54.0' is installed, but '1.58.1' is needed. Please see the installation instructions.
Target is: i686-pc-windows-gnu
Downloading static libraries from: https://r.ddahl.org/staticlib/caviarpd_0.2.27/i686-pc-windows-gnu.tar.gz
trying URL 'https://r.ddahl.org/staticlib/caviarpd_0.2.27/i686-pc-windows-gnu.tar.gz'
Target is: i686-pc-windows-gnu
Downloading static libraries from: https://dahl.byu.edu/rrepository/staticlib/caviarpd_0.2.27/i686-pc-windows-gnu.tar.gz
trying URL 'https://dahl.byu.edu/rrepository/staticlib/caviarpd_0.2.27/i686-pc-windows-gnu.tar.gz'
Error in download_staticlib("https://r.ddahl.org/staticlib/${name}_${version}/${target}.tar.gz",  : 
  Giving up trying to download the static library!
Execution halted
make: *** [Makevars.win:12: rustlib/target/release/librustlib.a] Error 1
ERROR: compilation failed for package 'caviarpd'
* removing 'C:/Users/andro/OneDrive/Desktop/School/research/caviarpd/caviarpd.Rcheck/caviarpd'
